Using pre-set license
Built from '2022.2/staging' branch; Version is '2022.2.21f1 (4907324dc95b) revision 4785970'; Using compiler version '192829333'; Build Type 'Release'
OS: 'Windows 11  (10.0.22621) 64bit CoreSingleLanguage' Language: 'en' Physical Memory: 16215 MB
BatchMode: 1, IsHumanControllingUs: 0, StartBugReporterOnCrash: 0, Is64bit: 1, IsPro: 1

COMMAND LINE ARGUMENTS:
I:\GOCPC\Software\Unity\2022.2.21f1\Editor\Unity.exe
-adb2
-batchMode
-noUpm
-name
AssetImportWorker0
-projectPath
I:/Admin/GOCGAMEPLAY/Game project (Unity)/Farming rpg game source/Farming rpg game source
-logFile
Logs/AssetImportWorker0.log
-srvPort
61361
Successfully changed project path to: I:/Admin/GOCGAMEPLAY/Game project (Unity)/Farming rpg game source/Farming rpg game source
I:/Admin/GOCGAMEPLAY/Game project (Unity)/Farming rpg game source/Farming rpg game source
[UnityMemory] Configuration Parameters - Can be set up in boot.config
    "memorysetup-bucket-allocator-granularity=16"
    "memorysetup-bucket-allocator-bucket-count=8"
    "memorysetup-bucket-allocator-block-size=33554432"
    "memorysetup-bucket-allocator-block-count=8"
    "memorysetup-main-allocator-block-size=16777216"
    "memorysetup-thread-allocator-block-size=16777216"
    "memorysetup-gfx-main-allocator-block-size=16777216"
    "memorysetup-gfx-thread-allocator-block-size=16777216"
    "memorysetup-cache-allocator-block-size=4194304"
    "memorysetup-typetree-allocator-block-size=2097152"
    "memorysetup-profiler-bucket-allocator-granularity=16"
    "memorysetup-profiler-bucket-allocator-bucket-count=8"
    "memorysetup-profiler-bucket-allocator-block-size=33554432"
    "memorysetup-profiler-bucket-allocator-block-count=8"
    "memorysetup-profiler-allocator-block-size=16777216"
    "memorysetup-profiler-editor-allocator-block-size=1048576"
    "memorysetup-temp-allocator-size-main=16777216"
    "memorysetup-job-temp-allocator-block-size=2097152"
    "memorysetup-job-temp-allocator-block-size-background=1048576"
    "memorysetup-job-temp-allocator-reduction-small-platforms=262144"
    "memorysetup-allocator-temp-initial-block-size-main=262144"
    "memorysetup-allocator-temp-initial-block-size-worker=262144"
    "memorysetup-temp-allocator-size-background-worker=32768"
    "memorysetup-temp-allocator-size-job-worker=262144"
    "memorysetup-temp-allocator-size-preload-manager=33554432"
    "memorysetup-temp-allocator-size-nav-mesh-worker=65536"
    "memorysetup-temp-allocator-size-audio-worker=65536"
    "memorysetup-temp-allocator-size-cloud-worker=32768"
    "memorysetup-temp-allocator-size-gi-baking-worker=262144"
    "memorysetup-temp-allocator-size-gfx=262144"
Player connection [12840] Host "[IP] 192.168.1.31 [Port] 0 [Flags] 2 [Guid] 3499543496 [EditorId] 3499543496 [Version] 1048832 [Id] WindowsEditor(7,KhangDuong) [Debug] 1 [PackageName] WindowsEditor [ProjectName] Editor" joined multi-casting on [225.0.0.222:54997]...

Player connection [12840] Host "[IP] 192.168.1.31 [Port] 0 [Flags] 2 [Guid] 3499543496 [EditorId] 3499543496 [Version] 1048832 [Id] WindowsEditor(7,KhangDuong) [Debug] 1 [PackageName] WindowsEditor [ProjectName] Editor" joined alternative multi-casting on [225.0.0.222:34997]...

Refreshing native plugins compatible for Editor in 9.92 ms, found 4 plugins.
Preloading 0 native plugins for Editor in 0.00 ms.
Initialize engine version: 2022.2.21f1 (4907324dc95b)
[Subsystems] Discovering subsystems at path I:/GOCPC/Software/Unity/2022.2.21f1/Editor/Data/Resources/UnitySubsystems
[Subsystems] Discovering subsystems at path I:/Admin/GOCGAMEPLAY/Game project (Unity)/Farming rpg game source/Farming rpg game source/Assets
GfxDevice: creating device client; threaded=0; jobified=0
Direct3D:
    Version:  Direct3D 11.0 [level 11.1]
    Renderer: NVIDIA GeForce GTX 1650 Ti (ID=0x1f95)
    Vendor:   NVIDIA
    VRAM:     3949 MB
    Driver:   31.0.15.3114
Initialize mono
Mono path[0] = 'I:/GOCPC/Software/Unity/2022.2.21f1/Editor/Data/Managed'
Mono path[1] = 'I:/GOCPC/Software/Unity/2022.2.21f1/Editor/Data/MonoBleedingEdge/lib/mono/unityjit-win32'
Mono config path = 'I:/GOCPC/Software/Unity/2022.2.21f1/Editor/Data/MonoBleedingEdge/etc'
Using monoOptions --debugger-agent=transport=dt_socket,embedding=1,server=y,suspend=n,address=127.0.0.1:56848
Begin MonoManager ReloadAssembly
Registering precompiled unity dll's ...
Register platform support module: I:/GOCPC/Software/Unity/2022.2.21f1/Editor/Data/PlaybackEngines/AndroidPlayer/UnityEditor.Android.Extensions.dll
Register platform support module: I:/GOCPC/Software/Unity/2022.2.21f1/Editor/Data/PlaybackEngines/WindowsStandaloneSupport/UnityEditor.WindowsStandalone.Extensions.dll
Registered in 0.006579 seconds.
- Loaded All Assemblies, in  0.551 seconds
Native extension for WindowsStandalone target not found
Native extension for Android target not found
Android Extension - Scanning For ADB Devices 944 ms
Mono: successfully reloaded assembly
- Finished resetting the current domain, in  1.557 seconds
Domain Reload Profiling:
	ReloadAssembly (306ms)
		BeginReloadAssembly (129ms)
			ExecutionOrderSort (0ms)
			DisableScriptedObjects (0ms)
			BackupInstance (0ms)
			ReleaseScriptingObjects (0ms)
			CreateAndSetChildDomain (1ms)
		LoadAllAssembliesAndSetupDomain (0ms)
			LoadAssemblies (128ms)
			RebuildTransferFunctionScriptingTraits (0ms)
			SetupTypeCache (239ms)
				TypeCache.Initialize (238ms)
					TypeCache.ScanAssembly (235ms)
				ResolveRequiredComponents (1ms)
		FinalizeReload (0ms)
			ReleaseScriptCaches (0ms)
			RebuildScriptCaches (0ms)
			SetupLoadedEditorAssemblies (1449ms)
				LogAssemblyErrors (0ms)
				InitializePlatformSupportModulesInManaged (1160ms)
				SetLoadedEditorAssemblies (9ms)
				RefreshPlugins (0ms)
				BeforeProcessingInitializeOnLoad (6ms)
				ProcessInitializeOnLoadAttributes (192ms)
				ProcessInitializeOnLoadMethodAttributes (81ms)
				AfterProcessingInitializeOnLoad (0ms)
				EditorAssembliesLoaded (0ms)
			ExecutionOrderSort2 (0ms)
			AwakeInstancesAfterBackupRestoration (0ms)
========================================================================
Worker process is ready to serve import requests
Begin MonoManager ReloadAssembly
Symbol file LoadedFromMemory doesn't match image I:\Admin\GOCGAMEPLAY\Game project (Unity)\Farming rpg game source\Farming rpg game source\Library\PackageCache\com.unity.visualscripting@1.8.0\Editor\VisualScripting.Core\Dependencies\YamlDotNet\Unity.VisualScripting.YamlDotNet.dll
Symbol file LoadedFromMemory doesn't match image I:\Admin\GOCGAMEPLAY\Game project (Unity)\Farming rpg game source\Farming rpg game source\Library\PackageCache\com.unity.visualscripting@1.8.0\Editor\VisualScripting.Core\Dependencies\DotNetZip\Unity.VisualScripting.IonicZip.dll
- Loaded All Assemblies, in  1.847 seconds
Refreshing native plugins compatible for Editor in 3.50 ms, found 4 plugins.
Native extension for WindowsStandalone target not found
Native extension for Android target not found
Mono: successfully reloaded assembly
- Finished resetting the current domain, in  1.175 seconds
Domain Reload Profiling:
	ReloadAssembly (409ms)
		BeginReloadAssembly (249ms)
			ExecutionOrderSort (0ms)
			DisableScriptedObjects (10ms)
			BackupInstance (0ms)
			ReleaseScriptingObjects (0ms)
			CreateAndSetChildDomain (38ms)
		LoadAllAssembliesAndSetupDomain (1437ms)
			LoadAssemblies (690ms)
			RebuildTransferFunctionScriptingTraits (0ms)
			SetupTypeCache (870ms)
				TypeCache.Initialize (808ms)
					TypeCache.ScanAssembly (797ms)
				ResolveRequiredComponents (14ms)
		FinalizeReload (0ms)
			ReleaseScriptCaches (0ms)
			RebuildScriptCaches (0ms)
			SetupLoadedEditorAssemblies (798ms)
				LogAssemblyErrors (0ms)
				InitializePlatformSupportModulesInManaged (40ms)
				SetLoadedEditorAssemblies (6ms)
				RefreshPlugins (0ms)
				BeforeProcessingInitializeOnLoad (113ms)
				ProcessInitializeOnLoadAttributes (531ms)
				ProcessInitializeOnLoadMethodAttributes (102ms)
				AfterProcessingInitializeOnLoad (5ms)
				EditorAssembliesLoaded (0ms)
			ExecutionOrderSort2 (0ms)
			AwakeInstancesAfterBackupRestoration (10ms)
Launched and connected shader compiler UnityShaderCompiler.exe after 0.09 seconds
Refreshing native plugins compatible for Editor in 6.30 ms, found 4 plugins.
Preloading 0 native plugins for Editor in 0.00 ms.
Unloading 4119 Unused Serialized files (Serialized files now loaded: 0)
Unloading 76 unused Assets / (134.7 KB). Loaded Objects now: 4586.
Memory consumption went from 137.3 MB to 137.1 MB.
Total: 6.242300 ms (FindLiveObjects: 0.474000 ms CreateObjectMapping: 0.454800 ms MarkObjects: 5.053200 ms  DeleteObjects: 0.258300 ms)

AssetImportParameters requested are different than current active one (requested -> active):
  custom:container-demuxer-ogg: 62fdf1f143b41e24485cea50d1cbac27 -> 
  custom:video-decoder-ogg-theora: a1e56fd34408186e4bbccfd4996cb3dc -> 
  custom:framework-win-MediaFoundation: 216162199b28c13a410421893ffa2e32 -> 
  custom:container-demuxer-webm: 4f35f7cbe854078d1ac9338744f61a02 -> 
  custom:container-muxer-webm: aa71ff27fc2769a1b78a27578f13a17b -> 
  custom:video-decoder-webm-vp8: 9c59270c3fd7afecdb556c50c9e8de78 -> 
  custom:AudioImporter_EditorPlatform: d09bf68614088b80899f8185d706f6e7 -> 
  custom:video-encoder-webm-vp8: eb34c28f22e8b96e1ab97ce403110664 -> 
  custom:audio-decoder-ogg-vorbis: bf7c407c2cedff20999df2af8eb42d56 -> 
  custom:audio-encoder-webm-vorbis: bf7c407c2cedff20999df2af8eb42d56 -> 
========================================================================
Received Import Request.
  Time since last request: 351089.262618 seconds.
  path: Assets/Fonts/Peepo.ttf
  artifactKey: Guid(771d877a49e443540ae1bfb7ec2795b5) Importer(815301076,1909f56bfc062723c751e8b465ee728b)
Start importing Assets/Fonts/Peepo.ttf using Guid(771d877a49e443540ae1bfb7ec2795b5) Importer(815301076,1909f56bfc062723c751e8b465ee728b)  -> (artifact id: 'f10f5ff7128133cffbb2e8b9d8fe6696') in 0.141287 seconds
Number of updated asset objects reloaded before import = 0
Number of asset objects unloaded after import = 4
========================================================================
Received Import Request.
  Time since last request: 67.004803 seconds.
  path: Assets/Prefabs/Maps/Tilemap Grid.prefab
  artifactKey: Guid(496c280acbb588042b1e753678a775d9) Importer(815301076,1909f56bfc062723c751e8b465ee728b)
Start importing Assets/Prefabs/Maps/Tilemap Grid.prefab using Guid(496c280acbb588042b1e753678a775d9) Importer(815301076,1909f56bfc062723c751e8b465ee728b)  -> (artifact id: '0fc084050cb219929f2c895c271d7d1e') in 0.049019 seconds
Number of updated asset objects reloaded before import = 0
Number of asset objects unloaded after import = 63
========================================================================
Received Import Request.
  Time since last request: 123.779632 seconds.
  path: Assets/Scripts/Item/Item.cs
  artifactKey: Guid(93d19c51e02e34346aedb60815b0132a) Importer(815301076,1909f56bfc062723c751e8b465ee728b)
Start importing Assets/Scripts/Item/Item.cs using Guid(93d19c51e02e34346aedb60815b0132a) Importer(815301076,1909f56bfc062723c751e8b465ee728b)  -> (artifact id: '3077ff4527f7f907a0a021f3bf396175') in 0.000988 seconds
Number of updated asset objects reloaded before import = 0
Number of asset objects unloaded after import = 0
========================================================================
Received Prepare
Begin MonoManager ReloadAssembly
Symbol file LoadedFromMemory doesn't match image I:\Admin\GOCGAMEPLAY\Game project (Unity)\Farming rpg game source\Farming rpg game source\Library\PackageCache\com.unity.visualscripting@1.8.0\Editor\VisualScripting.Core\Dependencies\YamlDotNet\Unity.VisualScripting.YamlDotNet.dll
Symbol file LoadedFromMemory doesn't match image I:\Admin\GOCGAMEPLAY\Game project (Unity)\Farming rpg game source\Farming rpg game source\Library\PackageCache\com.unity.visualscripting@1.8.0\Editor\VisualScripting.Core\Dependencies\DotNetZip\Unity.VisualScripting.IonicZip.dll
- Loaded All Assemblies, in  1.153 seconds
Refreshing native plugins compatible for Editor in 3.21 ms, found 4 plugins.
Native extension for WindowsStandalone target not found
Native extension for Android target not found
Mono: successfully reloaded assembly
- Finished resetting the current domain, in  1.125 seconds
Domain Reload Profiling:
	ReloadAssembly (332ms)
		BeginReloadAssembly (225ms)
			ExecutionOrderSort (0ms)
			DisableScriptedObjects (22ms)
			BackupInstance (0ms)
			ReleaseScriptingObjects (0ms)
			CreateAndSetChildDomain (69ms)
		LoadAllAssembliesAndSetupDomain (819ms)
			LoadAssemblies (360ms)
			RebuildTransferFunctionScriptingTraits (0ms)
			SetupTypeCache (551ms)
				TypeCache.Initialize (535ms)
					TypeCache.ScanAssembly (524ms)
				ResolveRequiredComponents (9ms)
		FinalizeReload (0ms)
			ReleaseScriptCaches (0ms)
			RebuildScriptCaches (0ms)
			SetupLoadedEditorAssemblies (576ms)
				LogAssemblyErrors (0ms)
				InitializePlatformSupportModulesInManaged (37ms)
				SetLoadedEditorAssemblies (6ms)
				RefreshPlugins (0ms)
				BeforeProcessingInitializeOnLoad (96ms)
				ProcessInitializeOnLoadAttributes (387ms)
				ProcessInitializeOnLoadMethodAttributes (46ms)
				AfterProcessingInitializeOnLoad (4ms)
				EditorAssembliesLoaded (0ms)
			ExecutionOrderSort2 (0ms)
			AwakeInstancesAfterBackupRestoration (19ms)
Refreshing native plugins compatible for Editor in 5.06 ms, found 4 plugins.
Preloading 0 native plugins for Editor in 0.00 ms.
Unloading 4106 Unused Serialized files (Serialized files now loaded: 0)
Unloading 36 unused Assets / (105.9 KB). Loaded Objects now: 4648.
Memory consumption went from 133.8 MB to 133.7 MB.
Total: 6.076500 ms (FindLiveObjects: 0.544500 ms CreateObjectMapping: 0.532400 ms MarkObjects: 4.909800 ms  DeleteObjects: 0.088100 ms)

Prepare: number of updated asset objects reloaded= 0
AssetImportParameters requested are different than current active one (requested -> active):
  custom:container-demuxer-ogg: 62fdf1f143b41e24485cea50d1cbac27 -> 
  custom:video-decoder-ogg-theora: a1e56fd34408186e4bbccfd4996cb3dc -> 
  custom:framework-win-MediaFoundation: 216162199b28c13a410421893ffa2e32 -> 
  custom:container-demuxer-webm: 4f35f7cbe854078d1ac9338744f61a02 -> 
  custom:container-muxer-webm: aa71ff27fc2769a1b78a27578f13a17b -> 
  custom:video-decoder-webm-vp8: 9c59270c3fd7afecdb556c50c9e8de78 -> 
  custom:AudioImporter_EditorPlatform: d09bf68614088b80899f8185d706f6e7 -> 
  custom:video-encoder-webm-vp8: eb34c28f22e8b96e1ab97ce403110664 -> 
  custom:audio-decoder-ogg-vorbis: bf7c407c2cedff20999df2af8eb42d56 -> 
  custom:audio-encoder-webm-vorbis: bf7c407c2cedff20999df2af8eb42d56 -> 
========================================================================
Received Import Request.
  Time since last request: 13.121810 seconds.
  path: Assets/Scripts/Item/Item.cs
  artifactKey: Guid(93d19c51e02e34346aedb60815b0132a) Importer(815301076,1909f56bfc062723c751e8b465ee728b)
Start importing Assets/Scripts/Item/Item.cs using Guid(93d19c51e02e34346aedb60815b0132a) Importer(815301076,1909f56bfc062723c751e8b465ee728b)  -> (artifact id: '3c722b19b53748468b5140fb70e65965') in 0.002593 seconds
Number of updated asset objects reloaded before import = 0
Number of asset objects unloaded after import = 0
========================================================================
Received Import Request.
  Time since last request: 182.660871 seconds.
  path: Assets/Scripts/Item/Item.cs
  artifactKey: Guid(93d19c51e02e34346aedb60815b0132a) Importer(815301076,1909f56bfc062723c751e8b465ee728b)
Start importing Assets/Scripts/Item/Item.cs using Guid(93d19c51e02e34346aedb60815b0132a) Importer(815301076,1909f56bfc062723c751e8b465ee728b)  -> (artifact id: '37a0c810b20ab67c021885ee85275a55') in 0.000816 seconds
Number of updated asset objects reloaded before import = 0
Number of asset objects unloaded after import = 0
========================================================================
Received Prepare
Begin MonoManager ReloadAssembly
Symbol file LoadedFromMemory doesn't match image I:\Admin\GOCGAMEPLAY\Game project (Unity)\Farming rpg game source\Farming rpg game source\Library\PackageCache\com.unity.visualscripting@1.8.0\Editor\VisualScripting.Core\Dependencies\YamlDotNet\Unity.VisualScripting.YamlDotNet.dll
Symbol file LoadedFromMemory doesn't match image I:\Admin\GOCGAMEPLAY\Game project (Unity)\Farming rpg game source\Farming rpg game source\Library\PackageCache\com.unity.visualscripting@1.8.0\Editor\VisualScripting.Core\Dependencies\DotNetZip\Unity.VisualScripting.IonicZip.dll
- Loaded All Assemblies, in  1.351 seconds
Refreshing native plugins compatible for Editor in 3.32 ms, found 4 plugins.
Native extension for WindowsStandalone target not found
Native extension for Android target not found
Mono: successfully reloaded assembly
- Finished resetting the current domain, in  1.279 seconds
Domain Reload Profiling:
	ReloadAssembly (408ms)
		BeginReloadAssembly (228ms)
			ExecutionOrderSort (0ms)
			DisableScriptedObjects (17ms)
			BackupInstance (0ms)
			ReleaseScriptingObjects (0ms)
			CreateAndSetChildDomain (66ms)
		LoadAllAssembliesAndSetupDomain (939ms)
			LoadAssemblies (502ms)
			RebuildTransferFunctionScriptingTraits (0ms)
			SetupTypeCache (543ms)
				TypeCache.Initialize (532ms)
					TypeCache.ScanAssembly (521ms)
				ResolveRequiredComponents (8ms)
		FinalizeReload (0ms)
			ReleaseScriptCaches (0ms)
			RebuildScriptCaches (0ms)
			SetupLoadedEditorAssemblies (614ms)
				LogAssemblyErrors (0ms)
				InitializePlatformSupportModulesInManaged (34ms)
				SetLoadedEditorAssemblies (4ms)
				RefreshPlugins (0ms)
				BeforeProcessingInitializeOnLoad (106ms)
				ProcessInitializeOnLoadAttributes (425ms)
				ProcessInitializeOnLoadMethodAttributes (42ms)
				AfterProcessingInitializeOnLoad (3ms)
				EditorAssembliesLoaded (0ms)
			ExecutionOrderSort2 (0ms)
			AwakeInstancesAfterBackupRestoration (17ms)
Refreshing native plugins compatible for Editor in 5.09 ms, found 4 plugins.
Preloading 0 native plugins for Editor in 0.00 ms.
Unloading 4106 Unused Serialized files (Serialized files now loaded: 0)
Unloading 36 unused Assets / (106.0 KB). Loaded Objects now: 4664.
Memory consumption went from 133.8 MB to 133.7 MB.
Total: 4.719300 ms (FindLiveObjects: 0.510000 ms CreateObjectMapping: 0.415800 ms MarkObjects: 3.691100 ms  DeleteObjects: 0.101000 ms)

Prepare: number of updated asset objects reloaded= 0
AssetImportParameters requested are different than current active one (requested -> active):
  custom:container-demuxer-ogg: 62fdf1f143b41e24485cea50d1cbac27 -> 
  custom:video-decoder-ogg-theora: a1e56fd34408186e4bbccfd4996cb3dc -> 
  custom:framework-win-MediaFoundation: 216162199b28c13a410421893ffa2e32 -> 
  custom:container-demuxer-webm: 4f35f7cbe854078d1ac9338744f61a02 -> 
  custom:container-muxer-webm: aa71ff27fc2769a1b78a27578f13a17b -> 
  custom:video-decoder-webm-vp8: 9c59270c3fd7afecdb556c50c9e8de78 -> 
  custom:AudioImporter_EditorPlatform: d09bf68614088b80899f8185d706f6e7 -> 
  custom:video-encoder-webm-vp8: eb34c28f22e8b96e1ab97ce403110664 -> 
  custom:audio-decoder-ogg-vorbis: bf7c407c2cedff20999df2af8eb42d56 -> 
  custom:audio-encoder-webm-vorbis: bf7c407c2cedff20999df2af8eb42d56 -> 
========================================================================
Received Import Request.
  Time since last request: 128.083603 seconds.
  path: Assets/Prefabs/Item
  artifactKey: Guid(4dc6850fe30e15d458d878f0a3174ee8) Importer(815301076,1909f56bfc062723c751e8b465ee728b)
Start importing Assets/Prefabs/Item using Guid(4dc6850fe30e15d458d878f0a3174ee8) Importer(815301076,1909f56bfc062723c751e8b465ee728b)  -> (artifact id: '9002a52fe6264be5f805ac2ae5fef01e') in 0.002689 seconds
Number of updated asset objects reloaded before import = 0
Number of asset objects unloaded after import = 0
========================================================================
Received Import Request.
  Time since last request: 3.483842 seconds.
  path: Assets/Prefabs/Item/Item.prefab
  artifactKey: Guid(95382378c1ee2d54eb1ff5f6b8f6925f) Importer(815301076,1909f56bfc062723c751e8b465ee728b)
Start importing Assets/Prefabs/Item/Item.prefab using Guid(95382378c1ee2d54eb1ff5f6b8f6925f) Importer(815301076,1909f56bfc062723c751e8b465ee728b)  -> (artifact id: 'f58844dd6725c817dc0c8447e22e3670') in 0.034848 seconds
Number of updated asset objects reloaded before import = 0
Number of asset objects unloaded after import = 9
========================================================================
Received Import Request.
  Time since last request: 32.584162 seconds.
  path: Assets/Prefabs/Commodity
  artifactKey: Guid(963ee2b6d1e73b94092fa105152fecce) Importer(815301076,1909f56bfc062723c751e8b465ee728b)
Start importing Assets/Prefabs/Commodity using Guid(963ee2b6d1e73b94092fa105152fecce) Importer(815301076,1909f56bfc062723c751e8b465ee728b)  -> (artifact id: '618cc49b00d31ff46176729747c5da38') in 0.000596 seconds
Number of updated asset objects reloaded before import = 0
Number of asset objects unloaded after import = 0
========================================================================
Received Import Request.
  Time since last request: 26.006331 seconds.
  path: Assets/Prefabs/Item/Corn.prefab
  artifactKey: Guid(c12c0b99956c6e54daa78acb5dc667c1) Importer(815301076,1909f56bfc062723c751e8b465ee728b)
Start importing Assets/Prefabs/Item/Corn.prefab using Guid(c12c0b99956c6e54daa78acb5dc667c1) Importer(815301076,1909f56bfc062723c751e8b465ee728b)  -> (artifact id: '55d70163dedce19f783606d378b7a0f6') in 0.002825 seconds
Number of updated asset objects reloaded before import = 0
Number of asset objects unloaded after import = 18
========================================================================
Received Import Request.
  Time since last request: 30.329463 seconds.
  path: Packages/com.unity.2d.animation/Editor/Assets/EditorIcons/Selected/Bone_Influence.png
  artifactKey: Guid(ff00345da0563d641903c5bd5bb748a4) Importer(815301076,1909f56bfc062723c751e8b465ee728b)
Start importing Packages/com.unity.2d.animation/Editor/Assets/EditorIcons/Selected/Bone_Influence.png using Guid(ff00345da0563d641903c5bd5bb748a4) Importer(815301076,1909f56bfc062723c751e8b465ee728b)  -> (artifact id: 'ccf988b68ac0799d84ccb7ea7e2c534a') in 0.067731 seconds
Number of updated asset objects reloaded before import = 0
Number of asset objects unloaded after import = 3
========================================================================
Received Import Request.
  Time since last request: 0.000022 seconds.
  path: Packages/com.unity.2d.animation/Editor/Assets/EditorIcons/Light/Bone_Influence@2x.png
  artifactKey: Guid(7395bf0bc3cc40e4ab2dda5ec6832261) Importer(815301076,1909f56bfc062723c751e8b465ee728b)
Start importing Packages/com.unity.2d.animation/Editor/Assets/EditorIcons/Light/Bone_Influence@2x.png using Guid(7395bf0bc3cc40e4ab2dda5ec6832261) Importer(815301076,1909f56bfc062723c751e8b465ee728b)  -> (artifact id: '158e4d5498f53962c4d67c3a9071eb03') in 0.021704 seconds
Number of updated asset objects reloaded before import = 0
Number of asset objects unloaded after import = 3
========================================================================
Received Import Request.
  Time since last request: 0.000038 seconds.
  path: Packages/com.unity.2d.animation/Editor/Assets/EditorIcons/Selected/Bone_Influence@2x.png
  artifactKey: Guid(0779ad3feec52124e97114bcbb12ef13) Importer(815301076,1909f56bfc062723c751e8b465ee728b)
Start importing Packages/com.unity.2d.animation/Editor/Assets/EditorIcons/Selected/Bone_Influence@2x.png using Guid(0779ad3feec52124e97114bcbb12ef13) Importer(815301076,1909f56bfc062723c751e8b465ee728b)  -> (artifact id: '905578285b946f414b87f3e640053ef9') in 0.025899 seconds
Number of updated asset objects reloaded before import = 0
Number of asset objects unloaded after import = 3
========================================================================
Received Import Request.
  Time since last request: 0.000022 seconds.
  path: Packages/com.unity.2d.animation/Editor/Assets/EditorIcons/Light/Bone_Influence@3x.png
  artifactKey: Guid(cee9dbe90b270c944ae1dabf41c93b10) Importer(815301076,1909f56bfc062723c751e8b465ee728b)
Start importing Packages/com.unity.2d.animation/Editor/Assets/EditorIcons/Light/Bone_Influence@3x.png using Guid(cee9dbe90b270c944ae1dabf41c93b10) Importer(815301076,1909f56bfc062723c751e8b465ee728b)  -> (artifact id: '6f9dd37a27049baa07a2c7cba2712d22') in 0.022626 seconds
Number of updated asset objects reloaded before import = 0
Number of asset objects unloaded after import = 3
========================================================================
Received Import Request.
  Time since last request: 19.967331 seconds.
  path: Assets/Prefabs/Commodity/Corn.prefab
  artifactKey: Guid(c12c0b99956c6e54daa78acb5dc667c1) Importer(815301076,1909f56bfc062723c751e8b465ee728b)
Start importing Assets/Prefabs/Commodity/Corn.prefab using Guid(c12c0b99956c6e54daa78acb5dc667c1) Importer(815301076,1909f56bfc062723c751e8b465ee728b)  -> (artifact id: '8a6370d5235f08e9a6fb358c28a1e211') in 0.329239 seconds
Number of updated asset objects reloaded before import = 0
Number of asset objects unloaded after import = 910
========================================================================
Received Import Request.
  Time since last request: 13.311393 seconds.
  path: Assets/Prefabs/Commodity/Corn.prefab
  artifactKey: Guid(c12c0b99956c6e54daa78acb5dc667c1) Importer(815301076,1909f56bfc062723c751e8b465ee728b)
Start importing Assets/Prefabs/Commodity/Corn.prefab using Guid(c12c0b99956c6e54daa78acb5dc667c1) Importer(815301076,1909f56bfc062723c751e8b465ee728b)  -> (artifact id: '032b921c2271f35c43313c7668858bab') in 0.069313 seconds
Number of updated asset objects reloaded before import = 0
Number of asset objects unloaded after import = 910
========================================================================
Received Import Request.
  Time since last request: 1.733325 seconds.
  path: Assets/Prefabs/Commodity/Corn.prefab
  artifactKey: Guid(c12c0b99956c6e54daa78acb5dc667c1) Importer(815301076,1909f56bfc062723c751e8b465ee728b)
Start importing Assets/Prefabs/Commodity/Corn.prefab using Guid(c12c0b99956c6e54daa78acb5dc667c1) Importer(815301076,1909f56bfc062723c751e8b465ee728b)  -> (artifact id: 'e394e7c36077ae7b749cc8cecd321776') in 0.077502 seconds
Number of updated asset objects reloaded before import = 0
Number of asset objects unloaded after import = 910
========================================================================
Received Import Request.
  Time since last request: 1.724737 seconds.
  path: Assets/Prefabs/Commodity/Corn.prefab
  artifactKey: Guid(c12c0b99956c6e54daa78acb5dc667c1) Importer(815301076,1909f56bfc062723c751e8b465ee728b)
Start importing Assets/Prefabs/Commodity/Corn.prefab using Guid(c12c0b99956c6e54daa78acb5dc667c1) Importer(815301076,1909f56bfc062723c751e8b465ee728b)  -> (artifact id: '8d2d4d2d0ee3ad35139ab0825a0e730b') in 0.068515 seconds
Number of updated asset objects reloaded before import = 0
Number of asset objects unloaded after import = 910
========================================================================
Received Import Request.
  Time since last request: 7.233992 seconds.
  path: Assets/Prefabs/Commodity/Corn.prefab
  artifactKey: Guid(c12c0b99956c6e54daa78acb5dc667c1) Importer(815301076,1909f56bfc062723c751e8b465ee728b)
Start importing Assets/Prefabs/Commodity/Corn.prefab using Guid(c12c0b99956c6e54daa78acb5dc667c1) Importer(815301076,1909f56bfc062723c751e8b465ee728b)  -> (artifact id: '6a30527ff5fedb65f58ca3620c4b5e3c') in 0.077997 seconds
Number of updated asset objects reloaded before import = 0
Number of asset objects unloaded after import = 910
========================================================================
Received Import Request.
  Time since last request: 0.118236 seconds.
  path: Assets/Prefabs/Commodity/Corn.prefab
  artifactKey: Guid(c12c0b99956c6e54daa78acb5dc667c1) Importer(815301076,1909f56bfc062723c751e8b465ee728b)
Start importing Assets/Prefabs/Commodity/Corn.prefab using Guid(c12c0b99956c6e54daa78acb5dc667c1) Importer(815301076,1909f56bfc062723c751e8b465ee728b)  -> (artifact id: '9b1252b8a16c35807d7830b5a550e213') in 0.072574 seconds
Number of updated asset objects reloaded before import = 0
Number of asset objects unloaded after import = 910
========================================================================
Received Import Request.
  Time since last request: 0.132535 seconds.
  path: Assets/Prefabs/Commodity/Corn.prefab
  artifactKey: Guid(c12c0b99956c6e54daa78acb5dc667c1) Importer(815301076,1909f56bfc062723c751e8b465ee728b)
Start importing Assets/Prefabs/Commodity/Corn.prefab using Guid(c12c0b99956c6e54daa78acb5dc667c1) Importer(815301076,1909f56bfc062723c751e8b465ee728b)  -> (artifact id: 'da5c2a375d637964332c567586f0755e') in 0.071522 seconds
Number of updated asset objects reloaded before import = 0
Number of asset objects unloaded after import = 910
========================================================================
Received Import Request.
  Time since last request: 0.116052 seconds.
  path: Assets/Prefabs/Commodity/Corn.prefab
  artifactKey: Guid(c12c0b99956c6e54daa78acb5dc667c1) Importer(815301076,1909f56bfc062723c751e8b465ee728b)
Start importing Assets/Prefabs/Commodity/Corn.prefab using Guid(c12c0b99956c6e54daa78acb5dc667c1) Importer(815301076,1909f56bfc062723c751e8b465ee728b)  -> (artifact id: '7d5668dc53af59ffa6ca746105922d1b') in 0.065664 seconds
Number of updated asset objects reloaded before import = 0
Number of asset objects unloaded after import = 910
========================================================================
Received Import Request.
  Time since last request: 0.132254 seconds.
  path: Assets/Prefabs/Commodity/Corn.prefab
  artifactKey: Guid(c12c0b99956c6e54daa78acb5dc667c1) Importer(815301076,1909f56bfc062723c751e8b465ee728b)
Start importing Assets/Prefabs/Commodity/Corn.prefab using Guid(c12c0b99956c6e54daa78acb5dc667c1) Importer(815301076,1909f56bfc062723c751e8b465ee728b)  -> (artifact id: '7210efe8f5a25dd4a26a0e52bdc16938') in 0.072773 seconds
Number of updated asset objects reloaded before import = 0
Number of asset objects unloaded after import = 910
========================================================================
Received Import Request.
  Time since last request: 28.546279 seconds.
  path: Assets/Prefabs/Item/Parsnip.prefab
  artifactKey: Guid(962546c7aaaaf204f878801156a4e43b) Importer(815301076,1909f56bfc062723c751e8b465ee728b)
Start importing Assets/Prefabs/Item/Parsnip.prefab using Guid(962546c7aaaaf204f878801156a4e43b) Importer(815301076,1909f56bfc062723c751e8b465ee728b)  -> (artifact id: 'b8ae8afc990a178e5652799a8f2ae05d') in 0.002784 seconds
Number of updated asset objects reloaded before import = 0
Number of asset objects unloaded after import = 18
========================================================================
Received Import Request.
  Time since last request: 9.813697 seconds.
  path: Assets/Prefabs/Commodity/Parsnip.prefab
  artifactKey: Guid(962546c7aaaaf204f878801156a4e43b) Importer(815301076,1909f56bfc062723c751e8b465ee728b)
Start importing Assets/Prefabs/Commodity/Parsnip.prefab using Guid(962546c7aaaaf204f878801156a4e43b) Importer(815301076,1909f56bfc062723c751e8b465ee728b)  -> (artifact id: '0a128b4c14f3e51da0c6acf368831f50') in 0.073433 seconds
Number of updated asset objects reloaded before import = 0
Number of asset objects unloaded after import = 910
========================================================================
Received Import Request.
  Time since last request: 12.233067 seconds.
  path: Assets/Prefabs/Commodity/Parsnip.prefab
  artifactKey: Guid(962546c7aaaaf204f878801156a4e43b) Importer(815301076,1909f56bfc062723c751e8b465ee728b)
Start importing Assets/Prefabs/Commodity/Parsnip.prefab using Guid(962546c7aaaaf204f878801156a4e43b) Importer(815301076,1909f56bfc062723c751e8b465ee728b)  -> (artifact id: 'd8cac4c34603ef3c4b8353fb3376f4d5') in 0.076109 seconds
Number of updated asset objects reloaded before import = 0
Number of asset objects unloaded after import = 910
========================================================================
Received Import Request.
  Time since last request: 11.124701 seconds.
  path: Assets/Prefabs/Commodity/Parsnip.prefab
  artifactKey: Guid(962546c7aaaaf204f878801156a4e43b) Importer(815301076,1909f56bfc062723c751e8b465ee728b)
Start importing Assets/Prefabs/Commodity/Parsnip.prefab using Guid(962546c7aaaaf204f878801156a4e43b) Importer(815301076,1909f56bfc062723c751e8b465ee728b)  -> (artifact id: '78e0d0ddbbd3fda9c34ebb43ec50307e') in 0.072465 seconds
Number of updated asset objects reloaded before import = 0
Number of asset objects unloaded after import = 910
========================================================================
Received Import Request.
  Time since last request: 0.131216 seconds.
  path: Assets/Prefabs/Commodity/Parsnip.prefab
  artifactKey: Guid(962546c7aaaaf204f878801156a4e43b) Importer(815301076,1909f56bfc062723c751e8b465ee728b)
Start importing Assets/Prefabs/Commodity/Parsnip.prefab using Guid(962546c7aaaaf204f878801156a4e43b) Importer(815301076,1909f56bfc062723c751e8b465ee728b)  -> (artifact id: 'ba9186f2a33f238ed0bf922d8fced741') in 0.068074 seconds
Number of updated asset objects reloaded before import = 0
Number of asset objects unloaded after import = 910
========================================================================
Received Import Request.
  Time since last request: 0.125640 seconds.
  path: Assets/Prefabs/Commodity/Parsnip.prefab
  artifactKey: Guid(962546c7aaaaf204f878801156a4e43b) Importer(815301076,1909f56bfc062723c751e8b465ee728b)
Start importing Assets/Prefabs/Commodity/Parsnip.prefab using Guid(962546c7aaaaf204f878801156a4e43b) Importer(815301076,1909f56bfc062723c751e8b465ee728b)  -> (artifact id: 'f6fe49663f883b6303545623a3fdb850') in 0.073906 seconds
Number of updated asset objects reloaded before import = 0
Number of asset objects unloaded after import = 910
========================================================================
Received Import Request.
  Time since last request: 0.125136 seconds.
  path: Assets/Prefabs/Commodity/Parsnip.prefab
  artifactKey: Guid(962546c7aaaaf204f878801156a4e43b) Importer(815301076,1909f56bfc062723c751e8b465ee728b)
Start importing Assets/Prefabs/Commodity/Parsnip.prefab using Guid(962546c7aaaaf204f878801156a4e43b) Importer(815301076,1909f56bfc062723c751e8b465ee728b)  -> (artifact id: '5a3cd86073cf720459cc3b4b0a3ae41b') in 0.070630 seconds
Number of updated asset objects reloaded before import = 0
Number of asset objects unloaded after import = 910
========================================================================
Received Import Request.
  Time since last request: 0.544099 seconds.
  path: Assets/Prefabs/Commodity/Parsnip.prefab
  artifactKey: Guid(962546c7aaaaf204f878801156a4e43b) Importer(815301076,1909f56bfc062723c751e8b465ee728b)
Start importing Assets/Prefabs/Commodity/Parsnip.prefab using Guid(962546c7aaaaf204f878801156a4e43b) Importer(815301076,1909f56bfc062723c751e8b465ee728b)  -> (artifact id: '7ef58fb7bc327fa72cdaaaf97f876f55') in 0.086923 seconds
Number of updated asset objects reloaded before import = 0
Number of asset objects unloaded after import = 910
========================================================================
Received Import Request.
  Time since last request: 18.231840 seconds.
  path: Assets/Prefabs/Item/Pumpkin.prefab
  artifactKey: Guid(ac2b387ab12d4704ebac43222a666c33) Importer(815301076,1909f56bfc062723c751e8b465ee728b)
Start importing Assets/Prefabs/Item/Pumpkin.prefab using Guid(ac2b387ab12d4704ebac43222a666c33) Importer(815301076,1909f56bfc062723c751e8b465ee728b)  -> (artifact id: '70383c644bcee58090cf0a3dddff80be') in 0.002996 seconds
Number of updated asset objects reloaded before import = 0
Number of asset objects unloaded after import = 18
========================================================================
Received Import Request.
  Time since last request: 13.882802 seconds.
  path: Assets/Prefabs/Commodity/Pumpkin.prefab
  artifactKey: Guid(ac2b387ab12d4704ebac43222a666c33) Importer(815301076,1909f56bfc062723c751e8b465ee728b)
Start importing Assets/Prefabs/Commodity/Pumpkin.prefab using Guid(ac2b387ab12d4704ebac43222a666c33) Importer(815301076,1909f56bfc062723c751e8b465ee728b)  -> (artifact id: '28e3538052640584cf2e732e1a556106') in 0.078699 seconds
Number of updated asset objects reloaded before import = 0
Number of asset objects unloaded after import = 910
========================================================================
Received Import Request.
  Time since last request: 5.355327 seconds.
  path: Assets/Prefabs/Commodity/Pumpkin.prefab
  artifactKey: Guid(ac2b387ab12d4704ebac43222a666c33) Importer(815301076,1909f56bfc062723c751e8b465ee728b)
Start importing Assets/Prefabs/Commodity/Pumpkin.prefab using Guid(ac2b387ab12d4704ebac43222a666c33) Importer(815301076,1909f56bfc062723c751e8b465ee728b)  -> (artifact id: '84f891d30c474bb0c3cf909605cefe03') in 0.067334 seconds
Number of updated asset objects reloaded before import = 0
Number of asset objects unloaded after import = 910
========================================================================
Received Import Request.
  Time since last request: 11.823052 seconds.
  path: Assets/Prefabs/Commodity/Pumpkin.prefab
  artifactKey: Guid(ac2b387ab12d4704ebac43222a666c33) Importer(815301076,1909f56bfc062723c751e8b465ee728b)
Start importing Assets/Prefabs/Commodity/Pumpkin.prefab using Guid(ac2b387ab12d4704ebac43222a666c33) Importer(815301076,1909f56bfc062723c751e8b465ee728b)  -> (artifact id: 'a68840a13e5ea2272e7fba767fdad773') in 0.096732 seconds
Number of updated asset objects reloaded before import = 0
Number of asset objects unloaded after import = 910
========================================================================
Received Import Request.
  Time since last request: 0.724816 seconds.
  path: Assets/Prefabs/Commodity/Pumpkin.prefab
  artifactKey: Guid(ac2b387ab12d4704ebac43222a666c33) Importer(815301076,1909f56bfc062723c751e8b465ee728b)
Start importing Assets/Prefabs/Commodity/Pumpkin.prefab using Guid(ac2b387ab12d4704ebac43222a666c33) Importer(815301076,1909f56bfc062723c751e8b465ee728b)  -> (artifact id: '45a475449349409bb990fd4af74d1b1d') in 0.087810 seconds
Number of updated asset objects reloaded before import = 0
Number of asset objects unloaded after import = 910
========================================================================
Received Import Request.
  Time since last request: 0.291715 seconds.
  path: Assets/Prefabs/Commodity/Pumpkin.prefab
  artifactKey: Guid(ac2b387ab12d4704ebac43222a666c33) Importer(815301076,1909f56bfc062723c751e8b465ee728b)
Start importing Assets/Prefabs/Commodity/Pumpkin.prefab using Guid(ac2b387ab12d4704ebac43222a666c33) Importer(815301076,1909f56bfc062723c751e8b465ee728b)  -> (artifact id: '8fbffafb4142bef594bfe318b63f795b') in 0.076736 seconds
Number of updated asset objects reloaded before import = 0
Number of asset objects unloaded after import = 910
========================================================================
Received Import Request.
  Time since last request: 0.124873 seconds.
  path: Assets/Prefabs/Commodity/Pumpkin.prefab
  artifactKey: Guid(ac2b387ab12d4704ebac43222a666c33) Importer(815301076,1909f56bfc062723c751e8b465ee728b)
Start importing Assets/Prefabs/Commodity/Pumpkin.prefab using Guid(ac2b387ab12d4704ebac43222a666c33) Importer(815301076,1909f56bfc062723c751e8b465ee728b)  -> (artifact id: '627a68eff3a22d92141ae7a581d1637a') in 0.072669 seconds
Number of updated asset objects reloaded before import = 0
Number of asset objects unloaded after import = 910
========================================================================
Received Import Request.
  Time since last request: 0.128714 seconds.
  path: Assets/Prefabs/Commodity/Pumpkin.prefab
  artifactKey: Guid(ac2b387ab12d4704ebac43222a666c33) Importer(815301076,1909f56bfc062723c751e8b465ee728b)
Start importing Assets/Prefabs/Commodity/Pumpkin.prefab using Guid(ac2b387ab12d4704ebac43222a666c33) Importer(815301076,1909f56bfc062723c751e8b465ee728b)  -> (artifact id: '7fa11e9d6d9e5d48357b154564feeb42') in 0.072305 seconds
Number of updated asset objects reloaded before import = 0
Number of asset objects unloaded after import = 910
========================================================================
Received Import Request.
  Time since last request: 0.131583 seconds.
  path: Assets/Prefabs/Commodity/Pumpkin.prefab
  artifactKey: Guid(ac2b387ab12d4704ebac43222a666c33) Importer(815301076,1909f56bfc062723c751e8b465ee728b)
Start importing Assets/Prefabs/Commodity/Pumpkin.prefab using Guid(ac2b387ab12d4704ebac43222a666c33) Importer(815301076,1909f56bfc062723c751e8b465ee728b)  -> (artifact id: '1a7196f682cf32c9cc42f18f10373bad') in 0.073875 seconds
Number of updated asset objects reloaded before import = 0
Number of asset objects unloaded after import = 910
========================================================================
Received Prepare
Begin MonoManager ReloadAssembly
Symbol file LoadedFromMemory doesn't match image I:\Admin\GOCGAMEPLAY\Game project (Unity)\Farming rpg game source\Farming rpg game source\Library\PackageCache\com.unity.visualscripting@1.8.0\Editor\VisualScripting.Core\Dependencies\YamlDotNet\Unity.VisualScripting.YamlDotNet.dll
Symbol file LoadedFromMemory doesn't match image I:\Admin\GOCGAMEPLAY\Game project (Unity)\Farming rpg game source\Farming rpg game source\Library\PackageCache\com.unity.visualscripting@1.8.0\Editor\VisualScripting.Core\Dependencies\DotNetZip\Unity.VisualScripting.IonicZip.dll
- Loaded All Assemblies, in  0.991 seconds
Refreshing native plugins compatible for Editor in 3.41 ms, found 4 plugins.
Native extension for WindowsStandalone target not found
Native extension for Android target not found
Mono: successfully reloaded assembly
- Finished resetting the current domain, in  1.605 seconds
Domain Reload Profiling:
	ReloadAssembly (309ms)
		BeginReloadAssembly (200ms)
			ExecutionOrderSort (0ms)
			DisableScriptedObjects (15ms)
			BackupInstance (0ms)
			ReleaseScriptingObjects (0ms)
			CreateAndSetChildDomain (61ms)
		LoadAllAssembliesAndSetupDomain (682ms)
			LoadAssemblies (324ms)
			RebuildTransferFunctionScriptingTraits (0ms)
			SetupTypeCache (447ms)
				TypeCache.Initialize (437ms)
					TypeCache.ScanAssembly (428ms)
				ResolveRequiredComponents (9ms)
		FinalizeReload (0ms)
			ReleaseScriptCaches (0ms)
			RebuildScriptCaches (0ms)
			SetupLoadedEditorAssemblies (800ms)
				LogAssemblyErrors (0ms)
				InitializePlatformSupportModulesInManaged (47ms)
				SetLoadedEditorAssemblies (7ms)
				RefreshPlugins (0ms)
				BeforeProcessingInitializeOnLoad (139ms)
				ProcessInitializeOnLoadAttributes (539ms)
				ProcessInitializeOnLoadMethodAttributes (63ms)
				AfterProcessingInitializeOnLoad (6ms)
				EditorAssembliesLoaded (1ms)
			ExecutionOrderSort2 (0ms)
			AwakeInstancesAfterBackupRestoration (26ms)
Refreshing native plugins compatible for Editor in 5.26 ms, found 4 plugins.
Preloading 0 native plugins for Editor in 0.00 ms.
Unloading 4106 Unused Serialized files (Serialized files now loaded: 0)
Unloading 38 unused Assets / (105.9 KB). Loaded Objects now: 4686.
Memory consumption went from 136.6 MB to 136.5 MB.
Total: 7.319800 ms (FindLiveObjects: 0.477700 ms CreateObjectMapping: 0.503700 ms MarkObjects: 6.069200 ms  DeleteObjects: 0.267600 ms)

Prepare: number of updated asset objects reloaded= 0
AssetImportParameters requested are different than current active one (requested -> active):
  custom:container-demuxer-ogg: 62fdf1f143b41e24485cea50d1cbac27 -> 
  custom:video-decoder-ogg-theora: a1e56fd34408186e4bbccfd4996cb3dc -> 
  custom:framework-win-MediaFoundation: 216162199b28c13a410421893ffa2e32 -> 
  custom:container-demuxer-webm: 4f35f7cbe854078d1ac9338744f61a02 -> 
  custom:container-muxer-webm: aa71ff27fc2769a1b78a27578f13a17b -> 
  custom:video-decoder-webm-vp8: 9c59270c3fd7afecdb556c50c9e8de78 -> 
  custom:AudioImporter_EditorPlatform: d09bf68614088b80899f8185d706f6e7 -> 
  custom:video-encoder-webm-vp8: eb34c28f22e8b96e1ab97ce403110664 -> 
  custom:audio-decoder-ogg-vorbis: bf7c407c2cedff20999df2af8eb42d56 -> 
  custom:audio-encoder-webm-vorbis: bf7c407c2cedff20999df2af8eb42d56 -> 
